SF:/localhost/backbone.siren/src/backbone.siren.js
DA:1,2
DA:2,1
DA:5,1
DA:8,640
DA:12,0
DA:20,2
DA:21,4
DA:32,90
DA:36,1
DA:44,1
DA:45,1
DA:58,88
DA:69,326
DA:72,182
DA:74,142
DA:75,292
DA:76,146
DA:81,142
DA:84,4
DA:85,2
DA:98,326
DA:109,550
DA:121,0
DA:122,0
DA:134,0
DA:137,0
DA:141,0
DA:155,0
DA:158,0
DA:162,0
DA:177,1632
DA:187,4
DA:197,6
DA:207,9
DA:210,8
DA:211,24
DA:215,9
DA:225,4
DA:227,4
DA:229,8
DA:230,6
DA:231,0
DA:246,282
DA:249,282
DA:250,1128
DA:262,282
DA:272,2
DA:275,0
DA:276,0
DA:289,7
DA:290,7
DA:294,5
DA:295,10
DA:296,9
DA:297,16
DA:299,2
DA:315,13
DA:316,11
DA:337,398
DA:340,796
DA:341,44
DA:343,88
DA:345,88
DA:347,0
DA:348,0
DA:351,0
DA:355,0
DA:358,0
DA:362,398
DA:376,1
DA:397,349
DA:400,698
DA:401,560
DA:402,0
DA:404,840
DA:408,349
DA:409,698
DA:420,349
DA:421,349
DA:423,698
DA:424,698
DA:436,0
DA:437,0
DA:439,0
DA:440,0
DA:453,0
DA:454,0
DA:455,0
DA:459,0
DA:471,0
DA:473,0
DA:474,0
DA:484,280
DA:486,280
DA:487,20
DA:488,260
DA:490,0
DA:492,260
DA:493,520
DA:505,560
DA:506,280
DA:508,560
DA:509,560
DA:522,349
DA:523,349
DA:525,698
DA:531,1
DA:551,0
DA:552,0
DA:563,0
DA:564,0
DA:566,0
DA:577,47
DA:578,47
DA:580,47
DA:581,94
DA:582,60
DA:583,120
DA:584,120
DA:587,94
DA:614,47
DA:615,47
DA:617,94
end_of_record
